<?xml version="1.0" encoding="UTF-8" ?>
<testsuite failures="0" time="0.016" errors="0" skipped="0" tests="1" name="edu.astar.ihpc.AppTest">
  <properties>
    <property name="java.runtime.name" value="OpenJDK Runtime Environment"/>
    <property name="sun.boot.library.path" value="/usr/lib/jvm/java-6-openjdk/jre/lib/i386"/>
    <property name="java.vm.version" value="19.0-b09"/>
    <property name="java.vm.vendor" value="Sun Microsystems Inc."/>
    <property name="java.vendor.url" value="http://java.sun.com/"/>
    <property name="path.separator" value=":"/>
    <property name="java.vm.name" value="OpenJDK Server VM"/>
    <property name="file.encoding.pkg" value="sun.io"/>
    <property name="user.country" value="BR"/>
    <property name="sun.java.launcher" value="SUN_STANDARD"/>
    <property name="sun.os.patch.level" value="unknown"/>
    <property name="java.vm.specification.name" value="Java Virtual Machine Specification"/>
    <property name="user.dir" value="/home/harlley/Projects/DataCollect"/>
    <property name="java.runtime.version" value="1.6.0_20-b20"/>
    <property name="java.awt.graphicsenv" value="sun.awt.X11GraphicsEnvironment"/>
    <property name="basedir" value="/home/harlley/Projects/DataCollect"/>
    <property name="java.endorsed.dirs" value="/usr/lib/jvm/java-6-openjdk/jre/lib/endorsed"/>
    <property name="os.arch" value="i386"/>
    <property name="surefire.real.class.path" value="/tmp/surefirebooter3034228834936468912.jar"/>
    <property name="java.io.tmpdir" value="/tmp"/>
    <property name="line.separator" value="
"/>
    <property name="java.vm.specification.vendor" value="Sun Microsystems Inc."/>
    <property name="os.name" value="Linux"/>
    <property name="sun.jnu.encoding" value="UTF-8"/>
    <property name="java.library.path" value="/usr/lib/jvm/java-6-openjdk/jre/lib/i386/server:/usr/lib/jvm/java-6-openjdk/jre/lib/i386:/usr/lib/jvm/java-6-openjdk/jre/../lib/i386:/usr/java/packages/lib/i386:/usr/lib/jni:/lib:/usr/lib"/>
    <property name="surefire.test.class.path" value="/home/harlley/Projects/DataCollect/target/test-classes:/home/harlley/Projects/DataCollect/target/classes:/home/harlley/.m2/repository/junit/junit/3.8.1/junit-3.8.1.jar:/home/harlley/.m2/repository/mysql/mysql-connector-java/5.1.21/mysql-connector-java-5.1.21.jar:/home/harlley/.m2/repository/commons-lang/commons-lang/2.6/commons-lang-2.6.jar:/home/harlley/.m2/repository/org/hibernate/hibernate-core/3.6.3.Final/hibernate-core-3.6.3.Final.jar:/home/harlley/.m2/repository/antlr/antlr/2.7.6/antlr-2.7.6.jar:/home/harlley/.m2/repository/commons-collections/commons-collections/3.1/commons-collections-3.1.jar:/home/harlley/.m2/repository/dom4j/dom4j/1.6.1/dom4j-1.6.1.jar:/home/harlley/.m2/repository/org/hibernate/hibernate-commons-annotations/3.2.0.Final/hibernate-commons-annotations-3.2.0.Final.jar:/home/harlley/.m2/repository/org/slf4j/slf4j-api/1.6.1/slf4j-api-1.6.1.jar:/home/harlley/.m2/repository/org/hibernate/javax/persistence/hibernate-jpa-2.0-api/1.0.0.Final/hibernate-jpa-2.0-api-1.0.0.Final.jar:/home/harlley/.m2/repository/javax/transaction/jta/1.1/jta-1.1.jar:/home/harlley/.m2/repository/org/slf4j/slf4j-log4j12/1.6.1/slf4j-log4j12-1.6.1.jar:/home/harlley/.m2/repository/log4j/log4j/1.2.16/log4j-1.2.16.jar:/home/harlley/.m2/repository/javassist/javassist/3.12.1.GA/javassist-3.12.1.GA.jar:/home/harlley/.m2/repository/org/seleniumhq/selenium/selenium-java/2.30.0/selenium-java-2.30.0.jar:/home/harlley/.m2/repository/org/seleniumhq/selenium/selenium-android-driver/2.30.0/selenium-android-driver-2.30.0.jar:/home/harlley/.m2/repository/org/seleniumhq/selenium/selenium-remote-driver/2.30.0/selenium-remote-driver-2.30.0.jar:/home/harlley/.m2/repository/cglib/cglib-nodep/2.1_3/cglib-nodep-2.1_3.jar:/home/harlley/.m2/repository/org/json/json/20080701/json-20080701.jar:/home/harlley/.m2/repository/org/seleniumhq/selenium/selenium-api/2.30.0/selenium-api-2.30.0.jar:/home/harlley/.m2/repository/com/google/guava/guava/14.0-rc1/guava-14.0-rc1.jar:/home/harlley/.m2/repository/org/apache/httpcomponents/httpclient/4.2.1/httpclient-4.2.1.jar:/home/harlley/.m2/repository/org/apache/httpcomponents/httpcore/4.2.1/httpcore-4.2.1.jar:/home/harlley/.m2/repository/commons-logging/commons-logging/1.1.1/commons-logging-1.1.1.jar:/home/harlley/.m2/repository/commons-codec/commons-codec/1.6/commons-codec-1.6.jar:/home/harlley/.m2/repository/org/apache/commons/commons-exec/1.1/commons-exec-1.1.jar:/home/harlley/.m2/repository/net/java/dev/jna/jna/3.4.0/jna-3.4.0.jar:/home/harlley/.m2/repository/net/java/dev/jna/platform/3.4.0/platform-3.4.0.jar:/home/harlley/.m2/repository/org/seleniumhq/selenium/selenium-chrome-driver/2.30.0/selenium-chrome-driver-2.30.0.jar:/home/harlley/.m2/repository/org/seleniumhq/selenium/selenium-htmlunit-driver/2.30.0/selenium-htmlunit-driver-2.30.0.jar:/home/harlley/.m2/repository/net/sourceforge/htmlunit/htmlunit/2.11/htmlunit-2.11.jar:/home/harlley/.m2/repository/xalan/xalan/2.7.1/xalan-2.7.1.jar:/home/harlley/.m2/repository/xalan/serializer/2.7.1/serializer-2.7.1.jar:/home/harlley/.m2/repository/xml-apis/xml-apis/1.4.01/xml-apis-1.4.01.jar:/home/harlley/.m2/repository/org/apache/commons/commons-lang3/3.1/commons-lang3-3.1.jar:/home/harlley/.m2/repository/org/apache/httpcomponents/httpmime/4.2.2/httpmime-4.2.2.jar:/home/harlley/.m2/repository/net/sourceforge/htmlunit/htmlunit-core-js/2.11/htmlunit-core-js-2.11.jar:/home/harlley/.m2/repository/xerces/xercesImpl/2.10.0/xercesImpl-2.10.0.jar:/home/harlley/.m2/repository/net/sourceforge/nekohtml/nekohtml/1.9.17/nekohtml-1.9.17.jar:/home/harlley/.m2/repository/net/sourceforge/cssparser/cssparser/0.9.8/cssparser-0.9.8.jar:/home/harlley/.m2/repository/org/w3c/css/sac/1.3/sac-1.3.jar:/home/harlley/.m2/repository/commons-io/commons-io/2.2/commons-io-2.2.jar:/home/harlley/.m2/repository/org/eclipse/jetty/jetty-websocket/8.1.7.v20120910/jetty-websocket-8.1.7.v20120910.jar:/home/harlley/.m2/repository/org/eclipse/jetty/jetty-util/8.1.7.v20120910/jetty-util-8.1.7.v20120910.jar:/home/harlley/.m2/repository/org/eclipse/jetty/jetty-io/8.1.7.v20120910/jetty-io-8.1.7.v20120910.jar:/home/harlley/.m2/repository/org/eclipse/jetty/jetty-http/8.1.7.v20120910/jetty-http-8.1.7.v20120910.jar:/home/harlley/.m2/repository/org/seleniumhq/selenium/selenium-firefox-driver/2.30.0/selenium-firefox-driver-2.30.0.jar:/home/harlley/.m2/repository/org/seleniumhq/selenium/selenium-ie-driver/2.30.0/selenium-ie-driver-2.30.0.jar:/home/harlley/.m2/repository/org/seleniumhq/selenium/selenium-iphone-driver/2.30.0/selenium-iphone-driver-2.30.0.jar:/home/harlley/.m2/repository/org/seleniumhq/selenium/selenium-safari-driver/2.30.0/selenium-safari-driver-2.30.0.jar:/home/harlley/.m2/repository/org/webbitserver/webbit/0.4.14/webbit-0.4.14.jar:/home/harlley/.m2/repository/io/netty/netty/3.5.2.Final/netty-3.5.2.Final.jar:/home/harlley/.m2/repository/org/seleniumhq/selenium/selenium-support/2.30.0/selenium-support-2.30.0.jar:/home/harlley/.m2/repository/org/seleniumhq/selenium/selenium-server/2.30.0/selenium-server-2.30.0.jar:/home/harlley/.m2/repository/org/bouncycastle/bcprov-jdk15on/1.48/bcprov-jdk15on-1.48.jar:/home/harlley/.m2/repository/org/bouncycastle/bcpkix-jdk15on/1.48/bcpkix-jdk15on-1.48.jar:/home/harlley/.m2/repository/mx4j/mx4j-tools/3.0.1/mx4j-tools-3.0.1.jar:/home/harlley/.m2/repository/org/mortbay/jetty/servlet-api-2.5/6.1.9/servlet-api-2.5-6.1.9.jar:/home/harlley/.m2/repository/org/seleniumhq/selenium/jetty-repacked/7.6.1/jetty-repacked-7.6.1.jar:/home/harlley/.m2/repository/net/jcip/jcip-annotations/1.0/jcip-annotations-1.0.jar:/home/harlley/.m2/repository/org/yaml/snakeyaml/1.8/snakeyaml-1.8.jar:"/>
    <property name="java.specification.name" value="Java Platform API Specification"/>
    <property name="java.class.version" value="50.0"/>
    <property name="sun.management.compiler" value="HotSpot Tiered Compilers"/>
    <property name="os.version" value="2.6.32-24-generic"/>
    <property name="user.home" value="/home/harlley"/>
    <property name="user.timezone" value=""/>
    <property name="java.awt.printerjob" value="sun.print.PSPrinterJob"/>
    <property name="file.encoding" value="UTF-8"/>
    <property name="java.specification.version" value="1.6"/>
    <property name="user.name" value="harlley"/>
    <property name="java.class.path" value="/home/harlley/Projects/DataCollect/target/test-classes:/home/harlley/Projects/DataCollect/target/classes:/home/harlley/.m2/repository/junit/junit/3.8.1/junit-3.8.1.jar:/home/harlley/.m2/repository/mysql/mysql-connector-java/5.1.21/mysql-connector-java-5.1.21.jar:/home/harlley/.m2/repository/commons-lang/commons-lang/2.6/commons-lang-2.6.jar:/home/harlley/.m2/repository/org/hibernate/hibernate-core/3.6.3.Final/hibernate-core-3.6.3.Final.jar:/home/harlley/.m2/repository/antlr/antlr/2.7.6/antlr-2.7.6.jar:/home/harlley/.m2/repository/commons-collections/commons-collections/3.1/commons-collections-3.1.jar:/home/harlley/.m2/repository/dom4j/dom4j/1.6.1/dom4j-1.6.1.jar:/home/harlley/.m2/repository/org/hibernate/hibernate-commons-annotations/3.2.0.Final/hibernate-commons-annotations-3.2.0.Final.jar:/home/harlley/.m2/repository/org/slf4j/slf4j-api/1.6.1/slf4j-api-1.6.1.jar:/home/harlley/.m2/repository/org/hibernate/javax/persistence/hibernate-jpa-2.0-api/1.0.0.Final/hibernate-jpa-2.0-api-1.0.0.Final.jar:/home/harlley/.m2/repository/javax/transaction/jta/1.1/jta-1.1.jar:/home/harlley/.m2/repository/org/slf4j/slf4j-log4j12/1.6.1/slf4j-log4j12-1.6.1.jar:/home/harlley/.m2/repository/log4j/log4j/1.2.16/log4j-1.2.16.jar:/home/harlley/.m2/repository/javassist/javassist/3.12.1.GA/javassist-3.12.1.GA.jar:/home/harlley/.m2/repository/org/seleniumhq/selenium/selenium-java/2.30.0/selenium-java-2.30.0.jar:/home/harlley/.m2/repository/org/seleniumhq/selenium/selenium-android-driver/2.30.0/selenium-android-driver-2.30.0.jar:/home/harlley/.m2/repository/org/seleniumhq/selenium/selenium-remote-driver/2.30.0/selenium-remote-driver-2.30.0.jar:/home/harlley/.m2/repository/cglib/cglib-nodep/2.1_3/cglib-nodep-2.1_3.jar:/home/harlley/.m2/repository/org/json/json/20080701/json-20080701.jar:/home/harlley/.m2/repository/org/seleniumhq/selenium/selenium-api/2.30.0/selenium-api-2.30.0.jar:/home/harlley/.m2/repository/com/google/guava/guava/14.0-rc1/guava-14.0-rc1.jar:/home/harlley/.m2/repository/org/apache/httpcomponents/httpclient/4.2.1/httpclient-4.2.1.jar:/home/harlley/.m2/repository/org/apache/httpcomponents/httpcore/4.2.1/httpcore-4.2.1.jar:/home/harlley/.m2/repository/commons-logging/commons-logging/1.1.1/commons-logging-1.1.1.jar:/home/harlley/.m2/repository/commons-codec/commons-codec/1.6/commons-codec-1.6.jar:/home/harlley/.m2/repository/org/apache/commons/commons-exec/1.1/commons-exec-1.1.jar:/home/harlley/.m2/repository/net/java/dev/jna/jna/3.4.0/jna-3.4.0.jar:/home/harlley/.m2/repository/net/java/dev/jna/platform/3.4.0/platform-3.4.0.jar:/home/harlley/.m2/repository/org/seleniumhq/selenium/selenium-chrome-driver/2.30.0/selenium-chrome-driver-2.30.0.jar:/home/harlley/.m2/repository/org/seleniumhq/selenium/selenium-htmlunit-driver/2.30.0/selenium-htmlunit-driver-2.30.0.jar:/home/harlley/.m2/repository/net/sourceforge/htmlunit/htmlunit/2.11/htmlunit-2.11.jar:/home/harlley/.m2/repository/xalan/xalan/2.7.1/xalan-2.7.1.jar:/home/harlley/.m2/repository/xalan/serializer/2.7.1/serializer-2.7.1.jar:/home/harlley/.m2/repository/xml-apis/xml-apis/1.4.01/xml-apis-1.4.01.jar:/home/harlley/.m2/repository/org/apache/commons/commons-lang3/3.1/commons-lang3-3.1.jar:/home/harlley/.m2/repository/org/apache/httpcomponents/httpmime/4.2.2/httpmime-4.2.2.jar:/home/harlley/.m2/repository/net/sourceforge/htmlunit/htmlunit-core-js/2.11/htmlunit-core-js-2.11.jar:/home/harlley/.m2/repository/xerces/xercesImpl/2.10.0/xercesImpl-2.10.0.jar:/home/harlley/.m2/repository/net/sourceforge/nekohtml/nekohtml/1.9.17/nekohtml-1.9.17.jar:/home/harlley/.m2/repository/net/sourceforge/cssparser/cssparser/0.9.8/cssparser-0.9.8.jar:/home/harlley/.m2/repository/org/w3c/css/sac/1.3/sac-1.3.jar:/home/harlley/.m2/repository/commons-io/commons-io/2.2/commons-io-2.2.jar:/home/harlley/.m2/repository/org/eclipse/jetty/jetty-websocket/8.1.7.v20120910/jetty-websocket-8.1.7.v20120910.jar:/home/harlley/.m2/repository/org/eclipse/jetty/jetty-util/8.1.7.v20120910/jetty-util-8.1.7.v20120910.jar:/home/harlley/.m2/repository/org/eclipse/jetty/jetty-io/8.1.7.v20120910/jetty-io-8.1.7.v20120910.jar:/home/harlley/.m2/repository/org/eclipse/jetty/jetty-http/8.1.7.v20120910/jetty-http-8.1.7.v20120910.jar:/home/harlley/.m2/repository/org/seleniumhq/selenium/selenium-firefox-driver/2.30.0/selenium-firefox-driver-2.30.0.jar:/home/harlley/.m2/repository/org/seleniumhq/selenium/selenium-ie-driver/2.30.0/selenium-ie-driver-2.30.0.jar:/home/harlley/.m2/repository/org/seleniumhq/selenium/selenium-iphone-driver/2.30.0/selenium-iphone-driver-2.30.0.jar:/home/harlley/.m2/repository/org/seleniumhq/selenium/selenium-safari-driver/2.30.0/selenium-safari-driver-2.30.0.jar:/home/harlley/.m2/repository/org/webbitserver/webbit/0.4.14/webbit-0.4.14.jar:/home/harlley/.m2/repository/io/netty/netty/3.5.2.Final/netty-3.5.2.Final.jar:/home/harlley/.m2/repository/org/seleniumhq/selenium/selenium-support/2.30.0/selenium-support-2.30.0.jar:/home/harlley/.m2/repository/org/seleniumhq/selenium/selenium-server/2.30.0/selenium-server-2.30.0.jar:/home/harlley/.m2/repository/org/bouncycastle/bcprov-jdk15on/1.48/bcprov-jdk15on-1.48.jar:/home/harlley/.m2/repository/org/bouncycastle/bcpkix-jdk15on/1.48/bcpkix-jdk15on-1.48.jar:/home/harlley/.m2/repository/mx4j/mx4j-tools/3.0.1/mx4j-tools-3.0.1.jar:/home/harlley/.m2/repository/org/mortbay/jetty/servlet-api-2.5/6.1.9/servlet-api-2.5-6.1.9.jar:/home/harlley/.m2/repository/org/seleniumhq/selenium/jetty-repacked/7.6.1/jetty-repacked-7.6.1.jar:/home/harlley/.m2/repository/net/jcip/jcip-annotations/1.0/jcip-annotations-1.0.jar:/home/harlley/.m2/repository/org/yaml/snakeyaml/1.8/snakeyaml-1.8.jar:"/>
    <property name="java.vm.specification.version" value="1.0"/>
    <property name="sun.arch.data.model" value="32"/>
    <property name="java.home" value="/usr/lib/jvm/java-6-openjdk/jre"/>
    <property name="java.specification.vendor" value="Sun Microsystems Inc."/>
    <property name="user.language" value="pt"/>
    <property name="java.vm.info" value="mixed mode"/>
    <property name="java.version" value="1.6.0_20"/>
    <property name="java.ext.dirs" value="/usr/lib/jvm/java-6-openjdk/jre/lib/ext:/usr/java/packages/lib/ext"/>
    <property name="sun.boot.class.path" value="/usr/lib/jvm/java-6-openjdk/jre/lib/resources.jar:/usr/lib/jvm/java-6-openjdk/jre/lib/rt.jar:/usr/lib/jvm/java-6-openjdk/jre/lib/sunrsasign.jar:/usr/lib/jvm/java-6-openjdk/jre/lib/jsse.jar:/usr/lib/jvm/java-6-openjdk/jre/lib/jce.jar:/usr/lib/jvm/java-6-openjdk/jre/lib/charsets.jar:/usr/lib/jvm/java-6-openjdk/jre/lib/netx.jar:/usr/lib/jvm/java-6-openjdk/jre/lib/plugin.jar:/usr/lib/jvm/java-6-openjdk/jre/lib/rhino.jar:/usr/lib/jvm/java-6-openjdk/jre/lib/modules/jdk.boot.jar:/usr/lib/jvm/java-6-openjdk/jre/classes"/>
    <property name="java.vendor" value="Sun Microsystems Inc."/>
    <property name="localRepository" value="/home/harlley/.m2/repository"/>
    <property name="file.separator" value="/"/>
    <property name="java.vendor.url.bug" value="http://java.sun.com/cgi-bin/bugreport.cgi"/>
    <property name="sun.cpu.endian" value="little"/>
    <property name="sun.io.unicode.encoding" value="UnicodeLittle"/>
    <property name="sun.desktop" value="gnome"/>
    <property name="sun.cpu.isalist" value=""/>
  </properties>
  <testcase time="0.003" classname="edu.astar.ihpc.AppTest" name="testApp"/>
</testsuite>